{"C:\\Users\\Patri\\Desktop\\DS\\formations\\helsinki\\part5\\bloglist-frontend\\src\\App.jsx": {"path":"C:\\Users\\Patri\\Desktop\\DS\\formations\\helsinki\\part5\\bloglist-frontend\\src\\App.jsx","statementMap":{"0":{"start":{"line":10,"column":12},"end":{"line":123,"column":1}},"1":{"start":{"line":11,"column":30},"end":{"line":11,"column":42}},"2":{"start":{"line":12,"column":36},"end":{"line":12,"column":48}},"3":{"start":{"line":13,"column":36},"end":{"line":13,"column":48}},"4":{"start":{"line":14,"column":28},"end":{"line":14,"column":42}},"5":{"start":{"line":15,"column":44},"end":{"line":15,"column":58}},"6":{"start":{"line":16,"column":38},"end":{"line":16,"column":50}},"7":{"start":{"line":18,"column":24},"end":{"line":36,"column":5}},"8":{"start":{"line":19,"column":8},"end":{"line":19,"column":30}},"9":{"start":{"line":20,"column":8},"end":{"line":35,"column":9}},"10":{"start":{"line":21,"column":25},"end":{"line":21,"column":73}},"11":{"start":{"line":22,"column":12},"end":{"line":24,"column":13}},"12":{"start":{"line":25,"column":12},"end":{"line":25,"column":25}},"13":{"start":{"line":26,"column":12},"end":{"line":26,"column":27}},"14":{"start":{"line":27,"column":12},"end":{"line":27,"column":27}},"15":{"start":{"line":29,"column":12},"end":{"line":29,"column":42}},"16":{"start":{"line":30,"column":12},"end":{"line":30,"column":33}},"17":{"start":{"line":31,"column":12},"end":{"line":34,"column":20}},"18":{"start":{"line":32,"column":16},"end":{"line":32,"column":37}},"19":{"start":{"line":33,"column":16},"end":{"line":33,"column":32}},"20":{"start":{"line":38,"column":4},"end":{"line":56,"column":10}},"21":{"start":{"line":39,"column":8},"end":{"line":55,"column":14}},"22":{"start":{"line":42,"column":16},"end":{"line":42,"column":55}},"23":{"start":{"line":42,"column":37},"end":{"line":42,"column":54}},"24":{"start":{"line":43,"column":16},"end":{"line":43,"column":31}},"25":{"start":{"line":46,"column":16},"end":{"line":48,"column":17}},"26":{"start":{"line":47,"column":20},"end":{"line":47,"column":28}},"27":{"start":{"line":49,"column":16},"end":{"line":49,"column":58}},"28":{"start":{"line":50,"column":16},"end":{"line":50,"column":37}},"29":{"start":{"line":51,"column":16},"end":{"line":54,"column":24}},"30":{"start":{"line":52,"column":20},"end":{"line":52,"column":41}},"31":{"start":{"line":53,"column":20},"end":{"line":53,"column":36}},"32":{"start":{"line":58,"column":4},"end":{"line":64,"column":10}},"33":{"start":{"line":59,"column":31},"end":{"line":59,"column":66}},"34":{"start":{"line":60,"column":8},"end":{"line":63,"column":9}},"35":{"start":{"line":61,"column":25},"end":{"line":61,"column":51}},"36":{"start":{"line":62,"column":12},"end":{"line":62,"column":25}},"37":{"start":{"line":66,"column":19},"end":{"line":69,"column":5}},"38":{"start":{"line":67,"column":8},"end":{"line":67,"column":46}},"39":{"start":{"line":68,"column":8},"end":{"line":68,"column":21}},"40":{"start":{"line":71,"column":23},"end":{"line":89,"column":5}},"41":{"start":{"line":72,"column":8},"end":{"line":88,"column":9}},"42":{"start":{"line":73,"column":28},"end":{"line":73,"column":58}},"43":{"start":{"line":74,"column":12},"end":{"line":74,"column":49}},"44":{"start":{"line":74,"column":29},"end":{"line":74,"column":48}},"45":{"start":{"line":75,"column":12},"end":{"line":75,"column":85}},"46":{"start":{"line":76,"column":12},"end":{"line":76,"column":35}},"47":{"start":{"line":77,"column":12},"end":{"line":80,"column":20}},"48":{"start":{"line":78,"column":16},"end":{"line":78,"column":37}},"49":{"start":{"line":79,"column":16},"end":{"line":79,"column":32}},"50":{"start":{"line":82,"column":12},"end":{"line":82,"column":42}},"51":{"start":{"line":83,"column":12},"end":{"line":83,"column":33}},"52":{"start":{"line":84,"column":12},"end":{"line":87,"column":20}},"53":{"start":{"line":85,"column":16},"end":{"line":85,"column":37}},"54":{"start":{"line":86,"column":16},"end":{"line":86,"column":32}},"55":{"start":{"line":91,"column":4},"end":{"line":122,"column":5}},"56":{"start":{"line":99,"column":58},"end":{"line":99,"column":83}},"57":{"start":{"line":100,"column":58},"end":{"line":100,"column":83}},"58":{"start":{"line":116,"column":28},"end":{"line":116,"column":82}}},"fnMap":{"0":{"name":"(anonymous_0)","decl":{"start":{"line":10,"column":12},"end":{"line":10,"column":13}},"loc":{"start":{"line":10,"column":18},"end":{"line":123,"column":1}},"line":10},"1":{"name":"(anonymous_1)","decl":{"start":{"line":18,"column":24},"end":{"line":18,"column":25}},"loc":{"start":{"line":18,"column":41},"end":{"line":36,"column":5}},"line":18},"2":{"name":"(anonymous_2)","decl":{"start":{"line":31,"column":23},"end":{"line":31,"column":24}},"loc":{"start":{"line":31,"column":29},"end":{"line":34,"column":13}},"line":31},"3":{"name":"(anonymous_3)","decl":{"start":{"line":38,"column":14},"end":{"line":38,"column":15}},"loc":{"start":{"line":38,"column":20},"end":{"line":56,"column":5}},"line":38},"4":{"name":"(anonymous_4)","decl":{"start":{"line":40,"column":18},"end":{"line":40,"column":19}},"loc":{"start":{"line":40,"column":29},"end":{"line":44,"column":13}},"line":40},"5":{"name":"(anonymous_5)","decl":{"start":{"line":42,"column":27},"end":{"line":42,"column":28}},"loc":{"start":{"line":42,"column":37},"end":{"line":42,"column":54}},"line":42},"6":{"name":"(anonymous_6)","decl":{"start":{"line":45,"column":19},"end":{"line":45,"column":20}},"loc":{"start":{"line":45,"column":28},"end":{"line":55,"column":13}},"line":45},"7":{"name":"(anonymous_7)","decl":{"start":{"line":51,"column":27},"end":{"line":51,"column":28}},"loc":{"start":{"line":51,"column":33},"end":{"line":54,"column":17}},"line":51},"8":{"name":"(anonymous_8)","decl":{"start":{"line":58,"column":14},"end":{"line":58,"column":15}},"loc":{"start":{"line":58,"column":20},"end":{"line":64,"column":5}},"line":58},"9":{"name":"(anonymous_9)","decl":{"start":{"line":66,"column":19},"end":{"line":66,"column":20}},"loc":{"start":{"line":66,"column":25},"end":{"line":69,"column":5}},"line":66},"10":{"name":"(anonymous_10)","decl":{"start":{"line":71,"column":23},"end":{"line":71,"column":24}},"loc":{"start":{"line":71,"column":39},"end":{"line":89,"column":5}},"line":71},"11":{"name":"(anonymous_11)","decl":{"start":{"line":74,"column":21},"end":{"line":74,"column":22}},"loc":{"start":{"line":74,"column":29},"end":{"line":74,"column":48}},"line":74},"12":{"name":"(anonymous_12)","decl":{"start":{"line":77,"column":23},"end":{"line":77,"column":24}},"loc":{"start":{"line":77,"column":29},"end":{"line":80,"column":13}},"line":77},"13":{"name":"(anonymous_13)","decl":{"start":{"line":84,"column":23},"end":{"line":84,"column":24}},"loc":{"start":{"line":84,"column":29},"end":{"line":87,"column":13}},"line":84},"14":{"name":"(anonymous_14)","decl":{"start":{"line":99,"column":42},"end":{"line":99,"column":43}},"loc":{"start":{"line":99,"column":58},"end":{"line":99,"column":83}},"line":99},"15":{"name":"(anonymous_15)","decl":{"start":{"line":100,"column":42},"end":{"line":100,"column":43}},"loc":{"start":{"line":100,"column":58},"end":{"line":100,"column":83}},"line":100},"16":{"name":"(anonymous_16)","decl":{"start":{"line":115,"column":35},"end":{"line":115,"column":36}},"loc":{"start":{"line":116,"column":28},"end":{"line":116,"column":82}},"line":116}},"branchMap":{"0":{"loc":{"start":{"line":46,"column":16},"end":{"line":48,"column":17}},"type":"if","locations":[{"start":{"line":46,"column":16},"end":{"line":48,"column":17}},{"start":{},"end":{}}],"line":46},"1":{"loc":{"start":{"line":60,"column":8},"end":{"line":63,"column":9}},"type":"if","locations":[{"start":{"line":60,"column":8},"end":{"line":63,"column":9}},{"start":{},"end":{}}],"line":60},"2":{"loc":{"start":{"line":95,"column":13},"end":{"line":103,"column":24}},"type":"binary-expr","locations":[{"start":{"line":95,"column":13},"end":{"line":95,"column":18}},{"start":{"line":95,"column":22},"end":{"line":103,"column":24}}],"line":95},"3":{"loc":{"start":{"line":105,"column":13},"end":{"line":119,"column":22}},"type":"binary-expr","locations":[{"start":{"line":105,"column":13},"end":{"line":105,"column":17}},{"start":{"line":106,"column":16},"end":{"line":119,"column":22}}],"line":105}},"s":{"0":0,"1":0,"2":0,"3":0,"4":0,"5":0,"6":0,"7":0,"8":0,"9":0,"10":0,"11":0,"12":0,"13":0,"14":0,"15":0,"16":0,"17":0,"18":0,"19":0,"20":0,"21":0,"22":0,"23":0,"24":0,"25":0,"26":0,"27":0,"28":0,"29":0,"30":0,"31":0,"32":0,"33":0,"34":0,"35":0,"36":0,"37":0,"38":0,"39":0,"40":0,"41":0,"42":0,"43":0,"44":0,"45":0,"46":0,"47":0,"48":0,"49":0,"50":0,"51":0,"52":0,"53":0,"54":0,"55":0,"56":0,"57":0,"58":0},"f":{"0":0,"1":0,"2":0,"3":0,"4":0,"5":0,"6":0,"7":0,"8":0,"9":0,"10":0,"11":0,"12":0,"13":0,"14":0,"15":0,"16":0},"b":{"0":[0,0],"1":[0,0],"2":[0,0],"3":[0,0]}}
,"C:\\Users\\Patri\\Desktop\\DS\\formations\\helsinki\\part5\\bloglist-frontend\\src\\main.jsx": {"path":"C:\\Users\\Patri\\Desktop\\DS\\formations\\helsinki\\part5\\bloglist-frontend\\src\\main.jsx","statementMap":{"0":{"start":{"line":4,"column":0},"end":{"line":4,"column":68}}},"fnMap":{},"branchMap":{},"s":{"0":0},"f":{},"b":{}}
,"C:\\Users\\Patri\\Desktop\\DS\\formations\\helsinki\\part5\\bloglist-frontend\\src\\components\\Blog.jsx": {"path":"C:\\Users\\Patri\\Desktop\\DS\\formations\\helsinki\\part5\\bloglist-frontend\\src\\components\\Blog.jsx","statementMap":{"0":{"start":{"line":4,"column":13},"end":{"line":44,"column":1}},"1":{"start":{"line":5,"column":17},"end":{"line":5,"column":64}},"2":{"start":{"line":7,"column":37},"end":{"line":7,"column":52}},"3":{"start":{"line":8,"column":28},"end":{"line":8,"column":42}},"4":{"start":{"line":9,"column":29},"end":{"line":11,"column":5}},"5":{"start":{"line":10,"column":8},"end":{"line":10,"column":31}},"6":{"start":{"line":12,"column":22},"end":{"line":18,"column":5}},"7":{"start":{"line":19,"column":23},"end":{"line":22,"column":5}},"8":{"start":{"line":20,"column":25},"end":{"line":20,"column":85}},"9":{"start":{"line":21,"column":8},"end":{"line":21,"column":51}},"10":{"start":{"line":24,"column":23},"end":{"line":29,"column":5}},"11":{"start":{"line":25,"column":8},"end":{"line":28,"column":9}},"12":{"start":{"line":26,"column":12},"end":{"line":26,"column":49}},"13":{"start":{"line":27,"column":12},"end":{"line":27,"column":64}},"14":{"start":{"line":27,"column":29},"end":{"line":27,"column":63}},"15":{"start":{"line":27,"column":46},"end":{"line":27,"column":62}},"16":{"start":{"line":30,"column":4},"end":{"line":43,"column":5}},"17":{"start":{"line":36,"column":66},"end":{"line":36,"column":78}}},"fnMap":{"0":{"name":"(anonymous_0)","decl":{"start":{"line":4,"column":13},"end":{"line":4,"column":14}},"loc":{"start":{"line":4,"column":37},"end":{"line":44,"column":1}},"line":4},"1":{"name":"(anonymous_1)","decl":{"start":{"line":9,"column":29},"end":{"line":9,"column":30}},"loc":{"start":{"line":9,"column":35},"end":{"line":11,"column":5}},"line":9},"2":{"name":"(anonymous_2)","decl":{"start":{"line":19,"column":23},"end":{"line":19,"column":24}},"loc":{"start":{"line":19,"column":35},"end":{"line":22,"column":5}},"line":19},"3":{"name":"(anonymous_3)","decl":{"start":{"line":24,"column":23},"end":{"line":24,"column":24}},"loc":{"start":{"line":24,"column":35},"end":{"line":29,"column":5}},"line":24},"4":{"name":"(anonymous_4)","decl":{"start":{"line":27,"column":21},"end":{"line":27,"column":22}},"loc":{"start":{"line":27,"column":29},"end":{"line":27,"column":63}},"line":27},"5":{"name":"(anonymous_5)","decl":{"start":{"line":27,"column":41},"end":{"line":27,"column":42}},"loc":{"start":{"line":27,"column":46},"end":{"line":27,"column":62}},"line":27},"6":{"name":"(anonymous_6)","decl":{"start":{"line":36,"column":60},"end":{"line":36,"column":61}},"loc":{"start":{"line":36,"column":66},"end":{"line":36,"column":78}},"line":36}},"branchMap":{"0":{"loc":{"start":{"line":25,"column":8},"end":{"line":28,"column":9}},"type":"if","locations":[{"start":{"line":25,"column":8},"end":{"line":28,"column":9}},{"start":{},"end":{}}],"line":25},"1":{"loc":{"start":{"line":32,"column":76},"end":{"line":32,"column":103}},"type":"cond-expr","locations":[{"start":{"line":32,"column":88},"end":{"line":32,"column":94}},{"start":{"line":32,"column":97},"end":{"line":32,"column":103}}],"line":32},"2":{"loc":{"start":{"line":33,"column":13},"end":{"line":40,"column":22}},"type":"binary-expr","locations":[{"start":{"line":33,"column":13},"end":{"line":33,"column":22}},{"start":{"line":34,"column":16},"end":{"line":40,"column":22}}],"line":33},"3":{"loc":{"start":{"line":39,"column":21},"end":{"line":39,"column":107}},"type":"binary-expr","locations":[{"start":{"line":39,"column":21},"end":{"line":39,"column":58}},{"start":{"line":39,"column":62},"end":{"line":39,"column":107}}],"line":39}},"s":{"0":1,"1":1,"2":1,"3":1,"4":1,"5":0,"6":1,"7":1,"8":0,"9":0,"10":1,"11":0,"12":0,"13":0,"14":0,"15":0,"16":1,"17":0},"f":{"0":1,"1":0,"2":0,"3":0,"4":0,"5":0,"6":0},"b":{"0":[0,0],"1":[0,1],"2":[1,0],"3":[0,0]},"_coverageSchema":"1a1c01bbd47fc00a2c39e90264f33305004495a9","hash":"9318767c89476c35b478c1d6d27e0cca6c6ff504"}
,"C:\\Users\\Patri\\Desktop\\DS\\formations\\helsinki\\part5\\bloglist-frontend\\src\\components\\BlogForm.jsx": {"path":"C:\\Users\\Patri\\Desktop\\DS\\formations\\helsinki\\part5\\bloglist-frontend\\src\\components\\BlogForm.jsx","statementMap":{"0":{"start":{"line":4,"column":17},"end":{"line":28,"column":1}},"1":{"start":{"line":5,"column":28},"end":{"line":5,"column":82}},"2":{"start":{"line":8,"column":23},"end":{"line":11,"column":5}},"3":{"start":{"line":9,"column":8},"end":{"line":9,"column":20}},"4":{"start":{"line":10,"column":8},"end":{"line":10,"column":61}},"5":{"start":{"line":13,"column":4},"end":{"line":27,"column":7}},"6":{"start":{"line":16,"column":79},"end":{"line":16,"column":136}},"7":{"start":{"line":16,"column":96},"end":{"line":16,"column":134}},"8":{"start":{"line":19,"column":80},"end":{"line":19,"column":138}},"9":{"start":{"line":19,"column":97},"end":{"line":19,"column":136}},"10":{"start":{"line":22,"column":74},"end":{"line":22,"column":129}},"11":{"start":{"line":22,"column":91},"end":{"line":22,"column":127}}},"fnMap":{"0":{"name":"(anonymous_0)","decl":{"start":{"line":4,"column":17},"end":{"line":4,"column":18}},"loc":{"start":{"line":4,"column":33},"end":{"line":28,"column":1}},"line":4},"1":{"name":"(anonymous_1)","decl":{"start":{"line":8,"column":23},"end":{"line":8,"column":24}},"loc":{"start":{"line":8,"column":29},"end":{"line":11,"column":5}},"line":8},"2":{"name":"(anonymous_2)","decl":{"start":{"line":16,"column":68},"end":{"line":16,"column":69}},"loc":{"start":{"line":16,"column":79},"end":{"line":16,"column":136}},"line":16},"3":{"name":"(anonymous_3)","decl":{"start":{"line":16,"column":87},"end":{"line":16,"column":88}},"loc":{"start":{"line":16,"column":96},"end":{"line":16,"column":134}},"line":16},"4":{"name":"(anonymous_4)","decl":{"start":{"line":19,"column":69},"end":{"line":19,"column":70}},"loc":{"start":{"line":19,"column":80},"end":{"line":19,"column":138}},"line":19},"5":{"name":"(anonymous_5)","decl":{"start":{"line":19,"column":88},"end":{"line":19,"column":89}},"loc":{"start":{"line":19,"column":97},"end":{"line":19,"column":136}},"line":19},"6":{"name":"(anonymous_6)","decl":{"start":{"line":22,"column":63},"end":{"line":22,"column":64}},"loc":{"start":{"line":22,"column":74},"end":{"line":22,"column":129}},"line":22},"7":{"name":"(anonymous_7)","decl":{"start":{"line":22,"column":82},"end":{"line":22,"column":83}},"loc":{"start":{"line":22,"column":91},"end":{"line":22,"column":127}},"line":22}},"branchMap":{},"s":{"0":0,"1":0,"2":0,"3":0,"4":0,"5":0,"6":0,"7":0,"8":0,"9":0,"10":0,"11":0},"f":{"0":0,"1":0,"2":0,"3":0,"4":0,"5":0,"6":0,"7":0},"b":{}}
,"C:\\Users\\Patri\\Desktop\\DS\\formations\\helsinki\\part5\\bloglist-frontend\\src\\components\\LoginForm.jsx": {"path":"C:\\Users\\Patri\\Desktop\\DS\\formations\\helsinki\\part5\\bloglist-frontend\\src\\components\\LoginForm.jsx","statementMap":{"0":{"start":{"line":3,"column":18},"end":{"line":39,"column":1}},"1":{"start":{"line":11,"column":4},"end":{"line":38,"column":5}},"2":{"start":{"line":43,"column":0},"end":{"line":49,"column":1}}},"fnMap":{"0":{"name":"(anonymous_0)","decl":{"start":{"line":3,"column":18},"end":{"line":3,"column":19}},"loc":{"start":{"line":9,"column":6},"end":{"line":39,"column":1}},"line":9}},"branchMap":{},"s":{"0":1,"1":1,"2":1},"f":{"0":1},"b":{},"_coverageSchema":"1a1c01bbd47fc00a2c39e90264f33305004495a9","hash":"024989c911356319f01992d8f4e722e579ee9870"}
,"C:\\Users\\Patri\\Desktop\\DS\\formations\\helsinki\\part5\\bloglist-frontend\\src\\components\\Notification.jsx": {"path":"C:\\Users\\Patri\\Desktop\\DS\\formations\\helsinki\\part5\\bloglist-frontend\\src\\components\\Notification.jsx","statementMap":{"0":{"start":{"line":4,"column":21},"end":{"line":14,"column":1}},"1":{"start":{"line":5,"column":4},"end":{"line":7,"column":5}},"2":{"start":{"line":6,"column":8},"end":{"line":6,"column":19}},"3":{"start":{"line":9,"column":4},"end":{"line":13,"column":5}}},"fnMap":{"0":{"name":"(anonymous_0)","decl":{"start":{"line":4,"column":21},"end":{"line":4,"column":22}},"loc":{"start":{"line":4,"column":49},"end":{"line":14,"column":1}},"line":4}},"branchMap":{"0":{"loc":{"start":{"line":5,"column":4},"end":{"line":7,"column":5}},"type":"if","locations":[{"start":{"line":5,"column":4},"end":{"line":7,"column":5}},{"start":{},"end":{}}],"line":5}},"s":{"0":0,"1":0,"2":0,"3":0},"f":{"0":0},"b":{"0":[0,0]}}
,"C:\\Users\\Patri\\Desktop\\DS\\formations\\helsinki\\part5\\bloglist-frontend\\src\\components\\Togglable.jsx": {"path":"C:\\Users\\Patri\\Desktop\\DS\\formations\\helsinki\\part5\\bloglist-frontend\\src\\components\\Togglable.jsx","statementMap":{"0":{"start":{"line":3,"column":18},"end":{"line":24,"column":1}},"1":{"start":{"line":4,"column":34},"end":{"line":4,"column":49}},"2":{"start":{"line":6,"column":28},"end":{"line":6,"column":62}},"3":{"start":{"line":7,"column":28},"end":{"line":7,"column":62}},"4":{"start":{"line":9,"column":29},"end":{"line":11,"column":5}},"5":{"start":{"line":10,"column":8},"end":{"line":10,"column":28}},"6":{"start":{"line":13,"column":4},"end":{"line":23,"column":5}}},"fnMap":{"0":{"name":"(anonymous_0)","decl":{"start":{"line":3,"column":18},"end":{"line":3,"column":19}},"loc":{"start":{"line":3,"column":29},"end":{"line":24,"column":1}},"line":3},"1":{"name":"(anonymous_1)","decl":{"start":{"line":9,"column":29},"end":{"line":9,"column":30}},"loc":{"start":{"line":9,"column":35},"end":{"line":11,"column":5}},"line":9}},"branchMap":{"0":{"loc":{"start":{"line":6,"column":39},"end":{"line":6,"column":60}},"type":"cond-expr","locations":[{"start":{"line":6,"column":49},"end":{"line":6,"column":55}},{"start":{"line":6,"column":58},"end":{"line":6,"column":60}}],"line":6},"1":{"loc":{"start":{"line":7,"column":39},"end":{"line":7,"column":60}},"type":"cond-expr","locations":[{"start":{"line":7,"column":49},"end":{"line":7,"column":51}},{"start":{"line":7,"column":54},"end":{"line":7,"column":60}}],"line":7}},"s":{"0":1,"1":7,"2":7,"3":7,"4":7,"5":3,"6":7},"f":{"0":7,"1":3},"b":{"0":[2,5],"1":[2,5]},"_coverageSchema":"1a1c01bbd47fc00a2c39e90264f33305004495a9","hash":"02514c268570a6d40daa5f7b005e684ad63e8f58"}
,"C:\\Users\\Patri\\Desktop\\DS\\formations\\helsinki\\part5\\bloglist-frontend\\src\\services\\blogs.js": {"path":"C:\\Users\\Patri\\Desktop\\DS\\formations\\helsinki\\part5\\bloglist-frontend\\src\\services\\blogs.js","statementMap":{"0":{"start":{"line":2,"column":16},"end":{"line":2,"column":49}},"1":{"start":{"line":5,"column":17},"end":{"line":12,"column":1}},"2":{"start":{"line":6,"column":23},"end":{"line":6,"column":25}},"3":{"start":{"line":7,"column":17},"end":{"line":7,"column":64}},"4":{"start":{"line":8,"column":4},"end":{"line":10,"column":5}},"5":{"start":{"line":9,"column":8},"end":{"line":9,"column":88}},"6":{"start":{"line":11,"column":4},"end":{"line":11,"column":23}},"7":{"start":{"line":14,"column":15},"end":{"line":20,"column":1}},"8":{"start":{"line":15,"column":19},"end":{"line":17,"column":5}},"9":{"start":{"line":18,"column":20},"end":{"line":18,"column":46}},"10":{"start":{"line":19,"column":4},"end":{"line":19,"column":50}},"11":{"start":{"line":19,"column":36},"end":{"line":19,"column":49}},"12":{"start":{"line":22,"column":15},"end":{"line":28,"column":1}},"13":{"start":{"line":23,"column":19},"end":{"line":25,"column":5}},"14":{"start":{"line":26,"column":20},"end":{"line":26,"column":53}},"15":{"start":{"line":27,"column":4},"end":{"line":27,"column":50}},"16":{"start":{"line":27,"column":36},"end":{"line":27,"column":49}},"17":{"start":{"line":31,"column":15},"end":{"line":37,"column":1}},"18":{"start":{"line":32,"column":19},"end":{"line":34,"column":5}},"19":{"start":{"line":35,"column":20},"end":{"line":35,"column":68}},"20":{"start":{"line":36,"column":4},"end":{"line":36,"column":50}},"21":{"start":{"line":36,"column":36},"end":{"line":36,"column":49}},"22":{"start":{"line":39,"column":19},"end":{"line":45,"column":1}},"23":{"start":{"line":40,"column":19},"end":{"line":42,"column":5}},"24":{"start":{"line":43,"column":20},"end":{"line":43,"column":60}},"25":{"start":{"line":44,"column":4},"end":{"line":44,"column":50}},"26":{"start":{"line":44,"column":36},"end":{"line":44,"column":49}}},"fnMap":{"0":{"name":"(anonymous_0)","decl":{"start":{"line":5,"column":17},"end":{"line":5,"column":18}},"loc":{"start":{"line":5,"column":23},"end":{"line":12,"column":1}},"line":5},"1":{"name":"(anonymous_1)","decl":{"start":{"line":14,"column":15},"end":{"line":14,"column":16}},"loc":{"start":{"line":14,"column":21},"end":{"line":20,"column":1}},"line":14},"2":{"name":"(anonymous_2)","decl":{"start":{"line":19,"column":24},"end":{"line":19,"column":25}},"loc":{"start":{"line":19,"column":36},"end":{"line":19,"column":49}},"line":19},"3":{"name":"(anonymous_3)","decl":{"start":{"line":22,"column":15},"end":{"line":22,"column":16}},"loc":{"start":{"line":22,"column":25},"end":{"line":28,"column":1}},"line":22},"4":{"name":"(anonymous_4)","decl":{"start":{"line":27,"column":24},"end":{"line":27,"column":25}},"loc":{"start":{"line":27,"column":36},"end":{"line":27,"column":49}},"line":27},"5":{"name":"(anonymous_5)","decl":{"start":{"line":31,"column":15},"end":{"line":31,"column":16}},"loc":{"start":{"line":31,"column":25},"end":{"line":37,"column":1}},"line":31},"6":{"name":"(anonymous_6)","decl":{"start":{"line":36,"column":24},"end":{"line":36,"column":25}},"loc":{"start":{"line":36,"column":36},"end":{"line":36,"column":49}},"line":36},"7":{"name":"(anonymous_7)","decl":{"start":{"line":39,"column":19},"end":{"line":39,"column":20}},"loc":{"start":{"line":39,"column":27},"end":{"line":45,"column":1}},"line":39},"8":{"name":"(anonymous_8)","decl":{"start":{"line":44,"column":24},"end":{"line":44,"column":25}},"loc":{"start":{"line":44,"column":36},"end":{"line":44,"column":49}},"line":44}},"branchMap":{"0":{"loc":{"start":{"line":8,"column":4},"end":{"line":10,"column":5}},"type":"if","locations":[{"start":{"line":8,"column":4},"end":{"line":10,"column":5}},{"start":{},"end":{}}],"line":8}},"s":{"0":1,"1":1,"2":0,"3":0,"4":0,"5":0,"6":0,"7":1,"8":0,"9":0,"10":0,"11":0,"12":1,"13":0,"14":0,"15":0,"16":0,"17":1,"18":0,"19":0,"20":0,"21":0,"22":1,"23":0,"24":0,"25":0,"26":0},"f":{"0":0,"1":0,"2":0,"3":0,"4":0,"5":0,"6":0,"7":0,"8":0},"b":{"0":[0,0]},"_coverageSchema":"1a1c01bbd47fc00a2c39e90264f33305004495a9","hash":"36e9e4cae8bd8c8c815fb3d522397631f79948c9"}
,"C:\\Users\\Patri\\Desktop\\DS\\formations\\helsinki\\part5\\bloglist-frontend\\src\\services\\login.js": {"path":"C:\\Users\\Patri\\Desktop\\DS\\formations\\helsinki\\part5\\bloglist-frontend\\src\\services\\login.js","statementMap":{"0":{"start":{"line":2,"column":16},"end":{"line":2,"column":49}},"1":{"start":{"line":4,"column":14},"end":{"line":7,"column":1}},"2":{"start":{"line":5,"column":21},"end":{"line":5,"column":59}},"3":{"start":{"line":6,"column":4},"end":{"line":6,"column":24}}},"fnMap":{"0":{"name":"(anonymous_0)","decl":{"start":{"line":4,"column":14},"end":{"line":4,"column":15}},"loc":{"start":{"line":4,"column":35},"end":{"line":7,"column":1}},"line":4}},"branchMap":{},"s":{"0":0,"1":0,"2":0,"3":0},"f":{"0":0},"b":{}}
}
